[    0.000000] Initializing cgroup subsys cpuset
[    0.000000] Initializing cgroup subsys cpu
[    0.000000] Initializing cgroup subsys cpuacct
[    0.000000] Linux version 4.4.0-210-generic (buildd@lgw01-amd64-009) (gcc version 5.4.0 20160609 (Ubuntu 5.4.0-6ubuntu1~16.04.12) ) #242-Ubuntu SMP Fri Apr 16 09:57:56 UTC 2021 (Ubuntu 4.4.0-210.242-generic 4.4.262)
[    0.000000] Command line: BOOT_IMAGE=/boot/vmlinuz-4.4.0-210-generic root=UUID=ce38f626-b02a-496e-9acf-8cacdd6a07eb ro console=tty1 console=ttyS0
[    0.000000] KERNEL supported cpus:
[    0.000000]   Intel GenuineIntel
[    0.000000]   AMD AuthenticAMD
[    0.000000]   Centaur CentaurHauls
[    0.000000] x86/fpu: Legacy x87 FPU detected.
[    0.000000] e820: BIOS-provided physical RAM map:
[    0.000000] BIOS-e820: [mem 0x0000000000000000-0x000000000009fbff] usable
[    0.000000] BIOS-e820: [mem 0x000000000009fc00-0x000000000009ffff] reserved
[    0.000000] BIOS-e820: [mem 0x00000000000f0000-0x00000000000fffff] reserved
[    0.000000] BIOS-e820: [mem 0x0000000000100000-0x000000003ffeffff] usable
[    0.000000] BIOS-e820: [mem 0x000000003fff0000-0x000000003fffffff] ACPI data
[    0.000000] BIOS-e820: [mem 0x00000000fec00000-0x00000000fec00fff] reserved
[    0.000000] BIOS-e820: [mem 0x00000000fee00000-0x00000000fee00fff] reserved
[    0.000000] BIOS-e820: [mem 0x00000000fffc0000-0x00000000ffffffff] reserved
[    0.000000] NX (Execute Disable) protection: active
[    0.000000] SMBIOS 2.5 present.
[    0.000000] Hypervisor detected: KVM
[    0.000000] Kernel/User page tables isolation: disabled
[    0.000000] e820: last_pfn = 0x3fff0 max_arch_pfn = 0x400000000
[    0.000000] MTRR: Disabled
[    0.000000] x86/PAT: MTRRs disabled, skipping PAT initialization too.
[    0.000000] CPU MTRRs all blank - virtualized system.
[    0.000000] x86/PAT: Configuration [0-7]: WB  WT  UC- UC  WB  WT  UC- UC  
[    0.000000] found SMP MP-table at [mem 0x0009fff0-0x0009ffff] mapped at [ffff88000009fff0]
[    0.000000] Scanning 1 areas for low memory corruption
[    0.000000] RAMDISK: [mem 0x362de000-0x37166fff]
[    0.000000] ACPI: Early table checksum verification disabled
[    0.000000] ACPI: RSDP 0x00000000000E0000 000024 (v02 VBOX  )
[    0.000000] ACPI: XSDT 0x000000003FFF0030 00003C (v01 VBOX   VBOXXSDT 00000001 ASL  00000061)
[    0.000000] ACPI: FACP 0x000000003FFF00F0 0000F4 (v04 VBOX   VBOXFACP 00000001 ASL  00000061)
[    0.000000] ACPI: DSDT 0x000000003FFF0470 002325 (v02 VBOX   VBOXBIOS 00000002 INTL 20100528)
[    0.000000] ACPI: FACS 0x000000003FFF0200 000040
[    0.000000] ACPI: FACS 0x000000003FFF0200 000040
[    0.000000] ACPI: APIC 0x000000003FFF0240 00005C (v02 VBOX   VBOXAPIC 00000001 ASL  00000061)
[    0.000000] ACPI: SSDT 0x000000003FFF02A0 0001CC (v01 VBOX   VBOXCPUT 00000002 INTL 20100528)
[    0.000000] No NUMA configuration found
[    0.000000] Faking a node at [mem 0x0000000000000000-0x000000003ffeffff]
[    0.000000] NODE_DATA(0) allocated [mem 0x3ffeb000-0x3ffeffff]
[    0.000000] kvm-clock: Using msrs 4b564d01 and 4b564d00
[    0.000000] kvm-clock: cpu 0, msr 0:3ffe3001, primary cpu clock
[    0.000000] kvm-clock: using sched offset of 7569059324 cycles
[    0.000000] clocksource: kvm-clock: mask: 0xffffffffffffffff max_cycles: 0x1cd42e4dffb, max_idle_ns: 881590591483 ns
[    0.000000] Zone ranges:
[    0.000000]   DMA      [mem 0x0000000000001000-0x0000000000ffffff]
[    0.000000]   DMA32    [mem 0x0000000001000000-0x000000003ffeffff]
[    0.000000]   Normal   empty
[    0.000000]   Device   empty
[    0.000000] Movable zone start for each node
[    0.000000] Early memory node ranges
[    0.000000]   node   0: [mem 0x0000000000001000-0x000000000009efff]
[    0.000000]   node   0: [mem 0x0000000000100000-0x000000003ffeffff]
[    0.000000] Initmem setup node 0 [mem 0x0000000000001000-0x000000003ffeffff]
[    0.000000] ACPI: PM-Timer IO Port: 0x4008
[    0.000000] IOAPIC[0]: apic_id 2, version 32, address 0xfec00000, GSI 0-23
[    0.000000] ACPI: INT_SRC_OVR (bus 0 bus_irq 0 global_irq 2 dfl dfl)
[    0.000000] ACPI: INT_SRC_OVR (bus 0 bus_irq 9 global_irq 9 low level)
[    0.000000] Using ACPI (MADT) for SMP configuration information
[    0.000000] smpboot: Allowing 2 CPUs, 0 hotplug CPUs
[    0.000000] PM: Registered nosave memory: [mem 0x00000000-0x00000fff]
[    0.000000] PM: Registered nosave memory: [mem 0x0009f000-0x0009ffff]
[    0.000000] PM: Registered nosave memory: [mem 0x000a0000-0x000effff]
[    0.000000] PM: Registered nosave memory: [mem 0x000f0000-0x000fffff]
[    0.000000] e820: [mem 0x40000000-0xfebfffff] available for PCI devices
[    0.000000] Booting paravirtualized kernel on KVM
[    0.000000] clocksource: refined-jiffies: mask: 0xffffffff max_cycles: 0xffffffff, max_idle_ns: 7645519600211568 ns
[    0.000000] setup_percpu: NR_CPUS:512 nr_cpumask_bits:512 nr_cpu_ids:2 nr_node_ids:1
[    0.000000] PERCPU: Embedded 33 pages/cpu @ffff88003fc00000 s95192 r8192 d31784 u1048576
[    0.000000] Built 1 zonelists in Node order, mobility grouping on.  Total pages: 257912
[    0.000000] Policy zone: DMA32
[    0.000000] Kernel command line: BOOT_IMAGE=/boot/vmlinuz-4.4.0-210-generic root=UUID=ce38f626-b02a-496e-9acf-8cacdd6a07eb ro console=tty1 console=ttyS0
[    0.000000] PID hash table entries: 4096 (order: 3, 32768 bytes)
[    0.000000] Memory: 997796K/1048120K available (8644K kernel code, 1332K rwdata, 4044K rodata, 1492K init, 1164K bss, 50324K reserved, 0K cma-reserved)
[    0.000000] SLUB: HWalign=64, Order=0-3, MinObjects=0, CPUs=2, Nodes=1
[    0.000000] Hierarchical RCU implementation.
[    0.000000] 	Build-time adjustment of leaf fanout to 64.
[    0.000000] 	RCU restricting CPUs from NR_CPUS=512 to nr_cpu_ids=2.
[    0.000000] RCU: Adjusting geometry for rcu_fanout_leaf=64, nr_cpu_ids=2
[    0.000000] NR_IRQS:33024 nr_irqs:440 16
[    0.000000] Console: colour VGA+ 80x25
[    0.000000] console [tty1] enabled
[    0.000000] console [ttyS0] enabled
[    0.000000] tsc: Detected 1497.602 MHz processor
[    1.973398] Calibrating delay loop (skipped) preset value.. 2995.20 BogoMIPS (lpj=5990408)
[    2.001107] pid_max: default: 32768 minimum: 301
[    2.018561] ACPI: Core revision 20150930
[    2.037032] ACPI: 2 ACPI AML tables successfully acquired and loaded
[    2.063636] Security Framework initialized
[    2.078764] Yama: becoming mindful.
[    2.092141] AppArmor: AppArmor initialized
[    2.108062] Dentry cache hash table entries: 131072 (order: 8, 1048576 bytes)
[    2.157641] Inode-cache hash table entries: 65536 (order: 7, 524288 bytes)
[    2.186761] Mount-cache hash table entries: 2048 (order: 2, 16384 bytes)
[    2.209545] Mountpoint-cache hash table entries: 2048 (order: 2, 16384 bytes)
[    2.238248] Initializing cgroup subsys io
[    2.252148] Initializing cgroup subsys memory
[    2.269427] Initializing cgroup subsys devices
[    2.285355] Initializing cgroup subsys freezer
[    2.300859] Initializing cgroup subsys net_cls
[    2.317129] Initializing cgroup subsys perf_event
[    2.336307] Initializing cgroup subsys net_prio
[    2.351085] Initializing cgroup subsys hugetlb
[    2.367495] Initializing cgroup subsys pids
[    2.386165] mce: CPU supports 0 MCE banks
[    2.401493] Last level iTLB entries: 4KB 0, 2MB 0, 4MB 0
[    2.419119] Last level dTLB entries: 4KB 0, 2MB 0, 4MB 0, 1GB 0
[    2.440062] Spectre V1 : Mitigation: usercopy/swapgs barriers and __user pointer sanitization
[    2.469926] Spectre V2 : Mitigation: Enhanced IBRS
[    2.487104] Spectre V2 : Spectre v2 / SpectreRSB mitigation: Filling RSB on context switch
[    2.514001] Speculative Store Bypass: Vulnerable
[    2.675318] Freeing SMP alternatives memory: 36K
[    2.974008] ftrace: allocating 32380 entries in 127 pages
[    4.881768] smpboot: APIC(0) Converting physical 0 to logical package 0
[    4.904139] smpboot: Max logical packages: 1
[    4.965454] ..TIMER: vector=0x30 apic1=0 pin1=2 apic2=-1 pin2=-1
[    5.093896] smpboot: CPU0: Intel(R) Core(TM) i5-1035G7 CPU @ 1.20GHz (family: 0x6, model: 0x7e, stepping: 0x5)
[    5.127099] Performance Events: unsupported p6 CPU model 126 no PMU driver, software events only.
[    5.450143] KVM setup paravirtual spinlock
[    5.481723] x86: Booting SMP configuration:
[    5.494284] .... node  #0, CPUs:      #1
[    5.512065] kvm-clock: cpu 1, msr 0:3ffe3041, secondary cpu clock
[    5.531085] mce: CPU supports 0 MCE banks
[    5.541040] TSC synchronization [CPU#0 -> CPU#1]:
[    5.556188] Measured 85560 cycles TSC warp between CPUs, turning off TSC clock.
[    5.579421] tsc: Marking TSC unstable due to check_tsc_sync_source failed
[    1.173473] x86: Booted up 1 node, 2 CPUs
[    1.176012] smpboot: Total of 2 processors activated (5990.40 BogoMIPS)
[    1.200524] devtmpfs: initialized
[    1.215596] evm: security.selinux
[    1.216008] evm: security.SMACK64
[    1.220008] evm: security.SMACK64EXEC
[    1.224009] evm: security.SMACK64TRANSMUTE
[    1.228008] evm: security.SMACK64MMAP
[    1.232009] evm: security.ima
[    1.236008] evm: security.capability
[    1.245088] clocksource: jiffies: mask: 0xffffffff max_cycles: 0xffffffff, max_idle_ns: 7645041785100000 ns
[    1.248031] futex hash table entries: 512 (order: 3, 32768 bytes)
[    1.256793] pinctrl core: initialized pinctrl subsystem
[    1.261227] RTC time:  5:04:45, date: 05/23/21
[    1.270130] NET: Registered protocol family 16
[    1.284036] cpuidle: using governor ladder
[    1.300050] cpuidle: using governor menu
[    1.304024] PCCT header not found.
[    1.308248] ACPI: bus type PCI registered
[    1.312010] acpiphp: ACPI Hot Plug PCI Controller Driver version: 0.5
[    1.321562] PCI: Using configuration type 1 for base access
[    1.364782] ACPI: Added _OSI(Module Device)
[    1.368010] ACPI: Added _OSI(Processor Device)
[    1.372008] ACPI: Added _OSI(3.0 _SCP Extensions)
[    1.376011] ACPI: Added _OSI(Processor Aggregator Device)
[    1.385365] ACPI: Executed 1 blocks of module-level executable AML code
[    1.408243] ACPI: Interpreter enabled
[    1.412044] ACPI: (supports S0 S5)
[    1.416011] ACPI: Using IOAPIC for interrupt routing
[    1.421138] PCI: Using host bridge windows from ACPI; if necessary, use "pci=nocrs" and report a bug
[    1.443190] ACPI: PCI Root Bridge [PCI0] (domain 0000 [bus 00-ff])
[    1.444032] acpi PNP0A03:00: _OSC: OS supports [ASPM ClockPM Segments MSI]
[    1.452331] acpi PNP0A03:00: _OSC: not requesting OS control; OS requires [ExtendedConfig ASPM ClockPM MSI]
[    1.456023] acpi PNP0A03:00: fail to add MMCONFIG information, can't access extended PCI configuration space under this bridge.
[    1.466032] PCI host bridge to bus 0000:00
[    1.468017] pci_bus 0000:00: root bus resource [io  0x0000-0x0cf7 window]
[    1.472013] pci_bus 0000:00: root bus resource [io  0x0d00-0xffff window]
[    1.476013] pci_bus 0000:00: root bus resource [mem 0x000a0000-0x000bffff window]
[    1.480017] pci_bus 0000:00: root bus resource [mem 0x40000000-0xfdffffff window]
[    1.484018] pci_bus 0000:00: root bus resource [bus 00-ff]
[    1.509294] pci 0000:00:01.1: legacy IDE quirk: reg 0x10: [io  0x01f0-0x01f7]
[    1.512012] pci 0000:00:01.1: legacy IDE quirk: reg 0x14: [io  0x03f6]
[    1.516012] pci 0000:00:01.1: legacy IDE quirk: reg 0x18: [io  0x0170-0x0177]
[    1.520010] pci 0000:00:01.1: legacy IDE quirk: reg 0x1c: [io  0x0376]
[    1.665000] pci 0000:00:07.0: quirk: [io  0x4000-0x403f] claimed by PIIX4 ACPI
[    1.740139] pci 0000:00:07.0: quirk: [io  0x4100-0x410f] claimed by PIIX4 SMB
[    1.885048] ACPI: PCI Interrupt Link [LNKA] (IRQs 5 9 10 *11)
[    1.964366] ACPI: PCI Interrupt Link [LNKB] (IRQs 5 9 *10 11)
[    2.144742] ACPI: PCI Interrupt Link [LNKC] (IRQs 5 *9 10 11)
[    2.208712] ACPI: PCI Interrupt Link [LNKD] (IRQs 5 9 10 *11)
[    2.284964] ACPI: Enabled 2 GPEs in block 00 to 07
[    2.328265] vgaarb: setting as boot device: PCI:0000:00:02.0
[    2.332000] vgaarb: device added: PCI:0000:00:02.0,decodes=io+mem,owns=io+mem,locks=none
[    2.412021] vgaarb: loaded
[    2.432010] vgaarb: bridge control possible 0000:00:02.0
[    2.472530] SCSI subsystem initialized
[    2.500519] ACPI: bus type USB registered
[    2.512082] usbcore: registered new interface driver usbfs
[    2.528109] usbcore: registered new interface driver hub
[    2.548043] usbcore: registered new device driver usb
[    2.568676] PCI: Using ACPI for IRQ routing
[    2.589822] NetLabel: Initializing
[    2.604008] NetLabel:  domain hash size = 128
[    2.620007] NetLabel:  protocols = UNLABELED CIPSOv4
[    2.640049] NetLabel:  unlabeled traffic allowed by default
[    2.660345] amd_nb: Cannot enumerate AMD northbridges
[    2.681105] clocksource: Switched to clocksource kvm-clock
[    2.744136] AppArmor: AppArmor Filesystem Enabled
[    2.744136] pnp: PnP ACPI init
[    2.744136] pnp: PnP ACPI: found 3 devices
[    2.997799] clocksource: acpi_pm: mask: 0xffffff max_cycles: 0xffffff, max_idle_ns: 2085701024 ns
[    3.022328] NET: Registered protocol family 2
[    3.039771] TCP established hash table entries: 8192 (order: 4, 65536 bytes)
[    3.061308] TCP bind hash table entries: 8192 (order: 5, 131072 bytes)
[    3.083949] TCP: Hash tables configured (established 8192 bind 8192)
[    3.106319] UDP hash table entries: 512 (order: 2, 16384 bytes)
[    3.124642] UDP-Lite hash table entries: 512 (order: 2, 16384 bytes)
[    3.143787] NET: Registered protocol family 1
[    3.157602] pci 0000:00:00.0: Limiting direct PCI/PCI transfers
[    3.175018] pci 0000:00:01.0: Activating ISA DMA hang workarounds
[    3.194657] Unpacking initramfs...
[    4.908425] Freeing initrd memory: 14884K
[    4.926472] clocksource: tsc: mask: 0xffffffffffffffff max_cycles: 0x159649535e5, max_idle_ns: 440795218057 ns
[    4.962171] platform rtc_cmos: registered platform RTC device (no PNP device found)
[    4.992830] Scanning for low memory corruption every 60 seconds
[    5.017707] audit: initializing netlink subsys (disabled)
[    5.037799] audit: type=2000 audit(1621746293.974:1): initialized
[    5.059078] Initialise system trusted keyring
[    5.080114] HugeTLB registered 2 MB page size, pre-allocated 0 pages
[    5.118386] zbud: loaded
[    5.130714] VFS: Disk quotas dquot_6.6.0
[    5.146640] VFS: Dquot-cache hash table entries: 512 (order 0, 4096 bytes)
[    5.174713] squashfs: version 4.0 (2009/01/31) Phillip Lougher
[    5.199523] fuse init (API version 7.23)
[    5.214622] Key type big_key registered
[    5.226884] Allocating IMA MOK and blacklist keyrings.
[    5.267253] Key type asymmetric registered
[    5.283488] Asymmetric key parser 'x509' registered
[    5.302333] Block layer SCSI generic (bsg) driver version 0.4 loaded (major 249)
[    5.330415] io scheduler noop registered
[    5.346027] io scheduler deadline registered (default)
[    5.365823] io scheduler cfq registered
[    5.381507] pci_hotplug: PCI Hot Plug PCI Core version: 0.5
[    5.402686] pciehp: PCI Express Hot Plug Controller Driver version: 0.4
[    5.425267] ACPI: AC Adapter [AC] (off-line)
[    5.442002] input: Power Button as /devices/LNXSYSTM:00/LNXPWRBN:00/input/input0
[    5.467301] ACPI: Power Button [PWRF]
[    5.480867] input: Sleep Button as /devices/LNXSYSTM:00/LNXSLPBN:00/input/input1
[    5.503617] ACPI: Sleep Button [SLPF]
[    5.518676] GHES: HEST is not enabled!
[    5.524975] ACPI: Battery Slot [BAT0] (battery present)
[    5.553897] Serial: 8250/16550 driver, 32 ports, IRQ sharing enabled
[    5.645012] 00:02: ttyS0 at I/O 0x3f8 (irq = 4, base_baud = 115200) is a 16550A
[    5.676900] Linux agpgart interface v0.103
[    5.734165] loop: module loaded
[    5.758081] scsi host0: ata_piix
[    5.772944] scsi host1: ata_piix
[    5.780335] ata1: PATA max UDMA/33 cmd 0x1f0 ctl 0x3f6 bmdma 0xd000 irq 14
[    5.796199] ata2: PATA max UDMA/33 cmd 0x170 ctl 0x376 bmdma 0xd008 irq 15
[    5.820503] libphy: Fixed MDIO Bus: probed
[    5.832924] tun: Universal TUN/TAP device driver, 1.6
[    5.836792] tun: (C) 1999-2004 Max Krasnyansky <maxk@qualcomm.com>
[    5.868927] PPP generic driver version 2.4.2
[    5.882821] ehci_hcd: USB 2.0 'Enhanced' Host Controller (EHCI) Driver
[    5.901202] ehci-pci: EHCI PCI platform driver
[    5.905030] ehci-platform: EHCI generic platform driver
[    5.905030] ohci_hcd: USB 1.1 'Open' Host Controller (OHCI) Driver
[    5.905030] ohci-pci: OHCI PCI platform driver
[    5.905030] ohci-platform: OHCI generic platform driver
[    5.905030] uhci_hcd: USB Universal Host Controller Interface driver
[    6.059294] i8042: PNP: PS/2 Controller [PNP0303:PS2K,PNP0f03:PS2M] at 0x60,0x64 irq 1,12
[    6.153465] serio: i8042 KBD port at 0x60,0x64 irq 1
[    6.153595] serio: i8042 AUX port at 0x60,0x64 irq 12
[    6.186158] mousedev: PS/2 mouse device common for all mice
[    6.220705] rtc_cmos rtc_cmos: rtc core: registered rtc_cmos as rtc0
[    6.242172] input: AT Translated Set 2 keyboard as /devices/platform/i8042/serio0/input/input2
[    6.269738] rtc_cmos rtc_cmos: alarms up to one day, 114 bytes nvram
[    6.288825] i2c /dev entries driver
[    6.303783] device-mapper: uevent: version 1.0.3
[    6.320683] device-mapper: ioctl: 4.34.0-ioctl (2015-10-28) initialised: dm-devel@redhat.com
[    6.348790] ledtrig-cpu: registered to indicate activity on CPUs
[    6.375391] NET: Registered protocol family 10
[    6.395987] NET: Registered protocol family 17
[    6.413457] Key type dns_resolver registered
[    6.429883] registered taskstats version 1
[    6.445233] Loading compiled-in X.509 certificates
[    6.463714] Loaded X.509 cert 'Build time autogenerated kernel key: cf00e047681d67edb2720680708b7d9498083038'
[    6.494584] zswap: loaded using pool lzo/zbud
[    6.524638] Key type trusted registered
[    6.567723] Key type encrypted registered
[    6.582633] AppArmor: AppArmor sha1 policy hashing enabled
[    6.600537] ima: No TPM chip found, activating TPM-bypass!
[    6.620078] ima: Allocated hash algorithm: sha1
[    6.637562] evm: HMAC attrs: 0x1
[    6.655015]   Magic number: 5:762:62
[    6.669990] rtc_cmos rtc_cmos: setting system clock to 2021-05-23 05:04:51 UTC (1621746291)
[    6.695662] BIOS EDD facility v0.16 2004-Jun-25, 0 devices found
[    6.716471] EDD information not available.
[    6.739571] Freeing unused kernel memory: 1492K
[    6.757614] Write protecting the kernel read-only data: 14336k
[    6.777601] Freeing unused kernel memory: 1584K
[    6.792810] Freeing unused kernel memory: 52K
Loading, please wait...
starting version 229
[    6.887026] random: systemd-udevd: uninitialized urandom read (16 bytes read, 6 bits of entropy available)
[    6.887167] random: udevadm: uninitialized urandom read (16 bytes read, 6 bits of entropy available)
[    6.887210] random: udevadm: uninitialized urandom read (16 bytes read, 6 bits of entropy available)
[    6.933242] random: udevadm: uninitialized urandom read (16 bytes read, 6 bits of entropy available)
[    6.933329] random: udevadm: uninitialized urandom read (16 bytes read, 6 bits of entropy available)
[    6.933792] random: udevadm: uninitialized urandom read (16 bytes read, 6 bits of entropy available)
[    6.933898] random: udevadm: uninitialized urandom read (16 bytes read, 6 bits of entropy available)
[    6.934139] random: udevadm: uninitialized urandom read (16 bytes read, 6 bits of entropy available)
[    6.934320] random: udevadm: uninitialized urandom read (16 bytes read, 6 bits of entropy available)
[    6.934427] random: udevadm: uninitialized urandom read (16 bytes read, 6 bits of entropy available)
[    7.320918] e1000: Intel(R) PRO/1000 Network Driver - version 7.3.21-k8-NAPI
[    7.345207] e1000: Copyright (c) 1999-2006 Intel Corporation.
[    7.379151] Fusion MPT base driver 3.04.20
[    7.396656] Copyright (c) 1999-2008 LSI Corporation
[    7.544314] Fusion MPT SPI Host driver 3.04.20
[    8.005015] input: ImExPS/2 Generic Explorer Mouse as /devices/platform/i8042/serio1/input/input4
[    9.194264] e1000 0000:00:03.0 eth0: (PCI:33MHz:32-bit) 02:ed:98:3c:8e:82
[    9.196434] e1000 0000:00:03.0 eth0: Intel(R) PRO/1000 Network Connection
[    9.252265] mptbase: ioc0: Initiating bringup
[    9.351127] ioc0: LSI53C1030 A0: Capabilities={Initiator}
[    9.588950] scsi host2: ioc0: LSI53C1030 A0, FwRev=00000000h, Ports=1, MaxQ=256, IRQ=20
[    9.739962] scsi 2:0:0:0: Direct-Access     VBOX     HARDDISK         1.0  PQ: 0 ANSI: 5
[    9.767546] scsi target2:0:0: Beginning Domain Validation
[   10.419071] scsi target2:0:0: Domain Validation skipping write tests
[   10.435282] scsi target2:0:0: Ending Domain Validation
[   10.452878] scsi target2:0:0: asynchronous
[   10.483020] scsi 2:0:1:0: Direct-Access     VBOX     HARDDISK         1.0  PQ: 0 ANSI: 5
[   10.513738] scsi target2:0:1: Beginning Domain Validation
[   10.566922] scsi target2:0:1: Domain Validation skipping write tests
[   10.591545] scsi target2:0:1: Ending Domain Validation
[   10.613375] scsi target2:0:1: asynchronous
[   10.682714] sd 2:0:0:0: Attached scsi generic sg0 type 0
[   10.707568] sd 2:0:1:0: Attached scsi generic sg1 type 0
[   10.729534] sd 2:0:1:0: [sdb] 20480 512-byte logical blocks: (10.5 MB/10.0 MiB)
[   10.757303] sd 2:0:0:0: [sda] 83886080 512-byte logical blocks: (42.9 GB/40.0 GiB)
[   10.789729] sd 2:0:0:0: [sda] Write Protect is off
[   10.807523] sd 2:0:1:0: [sdb] Write Protect is off
[   10.847382] sd 2:0:0:0: [sda] Incomplete mode parameter data
[   10.870438] sd 2:0:0:0: [sda] Assuming drive cache: write through
[   10.892764] sd 2:0:1:0: [sdb] Incomplete mode parameter data
[   10.913534] sd 2:0:1:0: [sdb] Assuming drive cache: write through
[   10.955398]  sda: sda1
[   10.993769] sd 2:0:0:0: [sda] Attached SCSI disk
[   11.011873] sd 2:0:1:0: [sdb] Attached SCSI disk
[   11.285902] e1000 0000:00:08.0 eth1: (PCI:33MHz:32-bit) 08:00:27:6e:f7:aa
[   11.306970] e1000 0000:00:08.0 eth1: Intel(R) PRO/1000 Network Connection
[   11.334493] e1000 0000:00:08.0 enp0s8: renamed from eth1
[   11.365810] e1000 0000:00:03.0 enp0s3: renamed from eth0
Begin: Loading essential drivers ... [   14.422001] md: linear personality registered for level -1
[   14.453507] md: multipath personality registered for level -4
[   14.483666] md: raid0 personality registered for level 0
[   14.545196] md: raid1 personality registered for level 1
[  418.409224] raid6: sse2x1   gen() 21432833 MB/s
[  418.414361] INFO: rcu_sched detected stalls on CPUs/tasks:
[  418.414372] 	1-...: (2 ticks this GP) idle=81b/140000000000000/0 softirq=1059/1059 fqs=2 
[  418.414378] 	(detected by 0, t=100958 jiffies, g=-21, c=-22, q=5)
[  418.414380] Task dump for CPU 1:
[  418.414389] modprobe        R  running task        0   233    219 0x00000008
[  418.414397]  ffffffff81e13080 ffff880036f09ba0 0000000000000000 ffffffffc0069000
[  418.414403]  ffff880036f3b240 ffff880036cc7d08 ffffffff81002135 ffffea0000da0f80
[  418.414409]  ffff880036cc7ce0 0000000000000286 0000000000000001 0000000000000286
[  418.414411] Call Trace:
[  418.414424]  [<ffffffffc0069000>] ? 0xffffffffc0069000
[  418.414434]  [<ffffffff81002135>] ? do_one_initcall+0xb5/0x200
[  418.414442]  [<ffffffff811fa09a>] ? kmem_cache_alloc_trace+0x8a/0x1f0
[  418.414447]  [<ffffffff811faceb>] ? kfree+0xab/0x150
[  418.414456]  [<ffffffff8185a350>] ? do_init_module+0x5f/0x1da
[  418.414463]  [<ffffffff8111254c>] ? load_module+0x171c/0x1c80
[  418.414468]  [<ffffffff8110e9d0>] ? __symbol_put+0x60/0x60
[  418.414477]  [<ffffffff81222b50>] ? kernel_read+0x50/0x80
[  418.414522]  [<ffffffff81112cf4>] ? SYSC_finit_module+0xb4/0xe0
[  418.414530]  [<ffffffff81112d3e>] ? SyS_finit_module+0xe/0x10
[  418.414546]  [<ffffffff8186bb5b>] ? entry_SYSCALL_64_fastpath+0x22/0xd0
[  418.414555] rcu_sched kthread starved for 100953 jiffies! g18446744073709551595 c18446744073709551594 f0x0 s3 ->state=0x1
[  418.918564] raid6: sse2x1   xor()  2369 MB/s
[  419.004038] raid6: sse2x2   gen()  4663 MB/s
[  419.090078] raid6: sse2x2   xor()  2806 MB/s
[  419.175643] raid6: sse2x4   gen()  5028 MB/s
[  419.261777] raid6: sse2x4   xor()  3296 MB/s
[  419.276782] raid6: using algorithm sse2x1 gen() 21432833 MB/s
[  419.296771] raid6: .... xor() 2369 MB/s, rmw enabled
[  419.317474] raid6: using ssse3x2 recovery algorithm
[  419.348598] xor: measuring software checksum speed
[  419.405419]    prefetch64-sse:  6615.000 MB/sec
[  419.457173]    generic_sse:  5317.000 MB/sec
[  419.471243] xor: using function: prefetch64-sse (6615.000 MB/sec)
[  419.500775] async_tx: api initialized (async)
[  419.669439] md: raid6 personality registered for level 6
[  419.687955] md: raid5 personality registered for level 5
[  419.706686] md: raid4 personality registered for level 4
[  419.803477] md: raid10 personality registered for level 10
done.
Begin: Running /scripts/init-premount ... done.
Begin: Mounting root file system ... Begin: Running /scripts/local-top ... done.
Begin: Running /scripts/local-premount ... [  420.094282] Btrfs loaded
Scanning for Btrfs filesystems
done.
Warning: fsck not present, so skipping root file system
[  420.309316] EXT4-fs (sda1): mounted filesystem with ordered data mode. Opts: (null)
done.
Begin: Running /scripts/local-bottom ... done.
Begin: Running /scripts/init-bottom ... done.
[  420.931954] systemd[1]: systemd 229 running in system mode. (+PAM +AUDIT +SELINUX +IMA +APPARMOR +SMACK +SYSVINIT +UTMP +LIBCRYPTSETUP +GCRYPT +GNUTLS +ACL +XZ -LZ4 +SECCOMP +BLKID +ELFUTILS +KMOD -IDN)
[  420.982421] systemd[1]: Detected virtualization oracle.
[  420.998049] systemd[1]: Detected architecture x86-64.

Welcome to [1mUbuntu 16.04.7 LTS[0m!

[  421.042612] systemd[1]: Set hostname to <server2>.
[  421.473622] random: nonblocking pool is initialized
[  421.773087] systemd[1]: Listening on Journal Audit Socket.
[[0;32m  OK  [0m] Listening on Journal Audit Socket.
[  421.798004] systemd[1]: Listening on udev Control Socket.
[[0;32m  OK  [0m] Listening on udev Control Socket.
[  421.823242] systemd[1]: Started Trigger resolvconf update for networkd DNS.
[[0;32m  OK  [0m] Started Trigger resolvconf update for networkd DNS.
[  421.854294] systemd[1]: Listening on fsck to fsckd communication Socket.
[[0;32m  OK  [0m] Listening on fsck to fsckd communication Socket.
[  421.887142] systemd[1]: Set up automount Arbitrary Executable File Formats File System Automount Point.
[[0;32m  OK  [0m] Set up automount Arbitrary Executab...ats File System Automount Point.
[  421.926943] systemd[1]: Reached target Encrypted Volumes.
[[0;32m  OK  [0m] Reached target Encrypted Volumes.
[  421.957850] systemd[1]: Listening on Device-mapper event daemon FIFOs.
[[0;32m  OK  [0m] Listening on Device-mapper event daemon FIFOs.
[  421.993745] systemd[1]: Listening on Syslog Socket.
[[0;32m  OK  [0m] Listening on Syslog Socket.
[  422.020095] systemd[1]: Created slice User and Session Slice.
[[0;32m  OK  [0m] Created slice User and Session Slice.
[  422.045607] systemd[1]: Listening on udev Kernel Socket.
[[0;32m  OK  [0m] Listening on udev Kernel Socket.
[  422.071411] systemd[1]: Listening on Journal Socket.
[[0;32m  OK  [0m] Listening on Journal Socket.
[  422.087750] systemd[1]: Reached target User and Group Name Lookups.
[[0;32m  OK  [0m] Reached target User and Group Name Lookups.
[  422.116511] systemd[1]: Started Forward Password Requests to Wall Directory Watch.
[[0;32m  OK  [0m] Started Forward Password Requests to Wall Directory Watch.
[  422.150467] systemd[1]: Listening on LVM2 poll daemon socket.
[[0;32m  OK  [0m] Listening on LVM2 poll daemon socket.
[  422.179024] systemd[1]: Listening on /dev/initctl Compatibility Named Pipe.
[[0;32m  OK  [0m] Listening on /dev/initctl Compatibility Named Pipe.
[  422.213025] systemd[1]: Created slice System Slice.
[[0;32m  OK  [0m] Created slice System Slice.
[  422.258034] systemd[1]: Starting Uncomplicated firewall...
         Starting Uncomplicated firewall...
[  422.285875] systemd[1]: Reached target Slices.
[[0;32m  OK  [0m] Reached target Slices.
[  422.320929] systemd[1]: Starting Nameserver information manager...
         Starting Nameserver information manager...
[  422.354851] systemd[1]: Starting Load Kernel Modules...
         Starting Load Kernel Modules...
[  422.370237] systemd[1]: Starting Set console keymap...
         Starting Set console keymap...
[  422.417074] systemd[1]: Mounting Huge Pages File System...
         Mounting Huge Pages File System...
[  422.490578] Loading iSCSI transport class v2.0-870.
[  422.520877] systemd[1]: Mounting Debug File System...
         Mounting Debug File System...
[  422.568033] systemd[1]: Starting Create list of required static device nodes for the current kernel...
[  422.595636] iscsi: registered transport (tcp)
         Starting Create list of required st... nodes for the current kernel...
[  422.626316] systemd[1]: Listening on Journal Socket (/dev/log).
[[0;32m  OK  [0m] Listening on Journal Socket (/dev/log).
[  422.673821] systemd[1]: Starting Journal Service...
         Starting Journal Service...
[  422.726424] systemd[1]: Listening on LVM2 metadata daemon socket.
[[0;32m  OK  [0m] Listening on LVM2 metadata daemon socket.
[  422.809111] systemd[1]: Starting Monitoring of LVM2 mirrors, snapshots etc. using dmeventd or progress polling...
         Starting Monitoring of LVM2 mirrors... dmeventd or progress polling...
[  422.873421] systemd[1]: Mounting POSIX Message Queue File System...
         Mounting POSIX Message Queue File System...
[  422.919443] systemd[1]: Reached target Swap.
[[0;32m  OK  [0m] Reached target Swap.
[  422.937881] systemd[1]: Created slice system-serial\x2dgetty.slice.
[[0;32m  OK  [0m] Created slice system-serial\x2dgetty.slice.
[  422.970942] systemd[1]: Starting File System Check on Root Device...
         Starting File System Check on Root Device...
[  423.010443] systemd[1]: Reached target System Time Synchronized.
[[0;32m  OK  [0m] Reached target System Time Synchronized.
[  423.039732] systemd[1]: Mounted POSIX Message Queue File System.
[[0;32m  OK  [0m] Mounted POSIX Message Queue File System.
[  423.115867] systemd[1]: Mounted Debug File System.
[  423.135600] iscsi: registered transport (iser)
[[0;32m  OK  [0m] Mounted Debug File System.
[  423.170964] systemd[1]: Mounted Huge Pages File System.
[[0;32m  OK  [0m] Mounted Huge Pages File System.
[  423.231818] systemd[1]: Started Journal Service.
[[0;32m  OK  [0m] Started Journal Service.
[[0;32m  OK  [0m] Started Uncomplicated firewall.
[[0;32m  OK  [0m] Started Load Kernel Modules.
[[0;32m  OK  [0m] Started Set console keymap.
[[0;32m  OK  [0m] Started Create list of required sta...ce nodes for the current kernel.
[[0;32m  OK  [0m] Started File System Check on Root Device.
[[0;32m  OK  [0m] Started Nameserver information manager.
[[0;32m  OK  [0m] Started File System Check Daemon to report status.
[[0;32m  OK  [0m] Started LVM2 metadata daemon.
         Starting Remount Root and Kernel File Systems...
         Starting Create Static Device Nodes in /dev...
         Starting Apply Kernel Variables...
         Mounting FUSE Control File System...
[[0;32m  OK  [0m] Mounted FUSE Control File System.
[  423.705699] EXT4-fs (sda1): re-mounted. Opts: (null)
[[0;32m  OK  [0m] Started Remount Root and Kernel File Systems.
         Starting Flush Journal to Persistent Storage...
         Starting udev Coldplug all Devices...
         Starting Load/Save Random Seed...
[[0;32m  OK  [0m] Started Create Static Device Nodes in /dev.
[[0;32m  OK  [0m] Started Apply Kernel Variables.
[[0;32m  OK  [0m] Started Load/Save Random Seed.
         Starting udev Kernel Device Manager...
[[0;32m  OK  [0m] Started udev Coldplug all Devices.
[[0;32m  OK  [0m] Started Monitoring of LVM2 mirrors,...ng dmeventd or progress polling.
[[0;32m  OK  [0m] Reached target Local File Systems (Pre).
[[0;32m  OK  [0m] Reached target Local File Systems.
         Starting Set console font and keymap...
         Starting Initial cloud-init job (pre-networking)...
         Starting LSB: AppArmor initialization...
         Starting Tell Plymouth To Write Out Runtime Data...
[[0;32m  OK  [0m] Started udev Kernel Device Manager.
[[0;32m  OK  [0m] Started Flush Journal to Persistent Storage.
[[0;32m  OK  [0m] Started Tell Plymouth To Write Out Runtime Data.
         Starting Create Volatile Files and Directories...
[[0;32m  OK  [0m] Started Dispatch Password Requests to Console Directory Watch.
[[0;32m  OK  [0m] Started Create Volatile Files and Directories.
         Starting Update UTMP about System Boot/Shutdown...
[[0;32m  OK  [0m] Started LSB: AppArmor initialization.
[[0;32m  OK  [0m] Started Update UTMP about System Boot/Shutdown.
[[0;32m  OK  [0m] Found device /dev/ttyS0.
[[0;32m  OK  [0m] Listening on Load/Save RF Kill Switch Status /dev/rfkill Watch.
         Starting Load AppArmor profiles managed internally by snapd...
[[0;32m  OK  [0m] Started Load AppArmor profiles managed internally by snapd.
[[0;32m  OK  [0m] Found device 82540EM Gigabit Ethern...r (PRO/1000 MT Desktop Adapter).
[[0;32m  OK  [0m] Found device 82540EM Gigabit Ethern...r (PRO/1000 MT Desktop Adapter).
[  431.568924] cloud-init[487]: Cloud-init v. 21.1-19-gbad84ad4-0ubuntu1~16.04.2 running 'init-local' at Sun, 23 May 2021 05:11:55 +0000. Up 430.24 seconds.[[0;32m  OK  [0m] Started Initial cloud-init job (pre-networking).
[[0;32m  OK  [0m] Reached target Network (Pre).
[[0;32m  OK  [0m] Started ifup for enp0s3.

         Starting Raise network interfaces...
[[0;32m  OK  [0m] Started ifup for enp0s8.
[[0;32m  OK  [0m] Started Set console font and keymap.
[[0;32m  OK  [0m] Created slice system-getty.slice.
[[0;32m  OK  [0m] Started Raise network interfaces.
         Starting Initial cloud-init job (metadata service crawler)...
[[0;32m  OK  [0m] Reached target Network.
[  437.813030] cloud-init[1070]: Cloud-init v. 21.1-19-gbad84ad4-0ubuntu1~16.04.2 running 'init' at Sun, 23 May 2021 05:12:01 +0000. Up 436.98 seconds.
[  437.837992] cloud-init[1070]: ci-info: ++++++++++++++++++++++++++++++++++++++Net device info+++++++++++++++++++++++++++++++++++++++
[  437.856848] cloud-init[1070]: ci-info: +--------+------+-----------------------------+---------------+--------+-------------------+
[  437.876972] cloud-init[1070]: ci-info: | Device |  Up  |           Address           |      Mask     | Scope  |     Hw-Address    |
[  437.897850] cloud-init[1070]: ci-info: +--------+------+-----------------------------+---------------+--------+-------------------+
[  437.917984] cloud-init[1070]: ci-info: | enp0s3 | True |          10.0.2.15          | 255.255.255.0 | global | 02:ed:98:3c:8e:82 |
[  437.938236] cloud-init[1070]: ci-info: | enp0s3 | True |  fe80::ed:98ff:fe3c:8e82/64 |       .       |  link  | 02:ed:98:3c:8e:82 |
[  437.955182] cloud-init[1070]: ci-info: | enp0s8 | True |        172.16.200.102       | 255.255.255.0 | global | 08:00:27:6e:f7:aa |
[  437.975687] cloud-init[1070]: ci-info: | enp0s8 | True | fe80::a00:27ff:fe6e:f7aa/64 |       .       |  link  | 08:00:27:6e:f7:aa |
[  437.997756] cloud-init[1070]: ci-info: |   lo   | True |          127.0.0.1          |   255.0.0.0   |  host  |         .         |
[  438.020334] cloud-init[1070]: ci-info: |   lo   | True |           ::1/128           |       .       |  host  |         .         |
[  438.043828] cloud-init[1070]: ci-info: +--------+------+-----------------------------+---------------+--------+-------------------+
[  438.065497] cloud-init[1070]: ci-info: ++++++++++++++++++++++++++++Route IPv4 info++++++++++++++++++++++++++++
[  438.083251] cloud-init[1070]: ci-info: +-------+--------------+----------+---------------+-----------+-------+
[  438.103199] cloud-init[1070]: ci-info: | Route | Destination  | Gateway  |    Genmask    | Interface | Flags |
[  438.123660] cloud-init[1070]: ci-info: +-------+--------------+----------+---------------+-----------+-------+
[  438.146815] cloud-init[1070]: ci-info: |   0   |   0.0.0.0    | 10.0.2.2 |    0.0.0.0    |   enp0s3  |   UG  |
[  438.168287] cloud-init[1070]: ci-info: |   1   |   10.0.2.0   | 0.0.0.0  | 255.255.255.0 |   enp0s3  |   U   |
[  438.186275] cloud-init[1070]: ci-info: |   2   | 172.16.200.0 | 0.0.0.0  | 255.255.255.0 |   enp0s8  |   U   |
[  438.203750] cloud-init[1070]: ci-info: +-------+--------------+----------+---------------+-----------+-------+
[  438.223729] cloud-init[1070]: ci-info: +++++++++++++++++++Route IPv6 info+++++++++++++++++++
[  438.241446] cloud-init[1070]: ci-info: +-------+-------------+---------+-----------+-------+
[  438.258928] cloud-init[1070]: ci-info: | Route | Destination | Gateway | Interface | Flags |
[  438.276232] cloud-init[1070]: ci-info: +-------+-------------+---------+-----------+-------+
[  438.294331] cloud-init[1070]: ci-info: |   0   |  fe80::/64  |    ::   |   enp0s3  |   U   |
[[  438.317911] cloud-init[1070]: ci-info: |   1   |  fe80::/64  |    ::   |   enp0s8  |   U   |
[  438.326883] cloud-init[1070]: ci-info: |   6   |   ff00::/8  |    ::   |   enp0s3  |   U   |
[  438.330123] cloud-init[1070]: ci-info: |   7   |   ff00::/8  |    ::   |   enp0s8  |   U   |
[  438.331343] cloud-init[1070]: ci-info: +-------+-------------+---------+-----------+-------+
[0;32m  OK  [0m] Started Initial cloud-init job (metadata service crawler).
[[0;32m  OK  [0m] Reached target Cloud-config availability.
[[0;32m  OK  [0m] Reached target Network is Online.
         Starting iSCSI initiator daemon (iscsid)...
[[0;32m  OK  [0m] Reached target System Initialization.
[[0;32m  OK  [0m] Listening on UUID daemon activation socket.
[[0;32m  OK  [0m] Started Message of the Day.
         Starting LXD - unix socket.
[[0;32m  OK  [0m] Listening on D-Bus System Message Bus Socket.
[[0;32m  OK  [0m] Started Daily apt download activities.
[[0;32m  OK  [0m] Started Daily apt upgrade and clean activities.
         Starting Socket activation for snappy daemon.
[[0;32m  OK  [0m] Started Daily Cleanup of Temporary Directories.
[[0;32m  OK  [0m] Reached target Timers.
[[0;32m  OK  [0m] Started ACPI Events Check.
[[0;32m  OK  [0m] Reached target Paths.
[[0;32m  OK  [0m] Listening on ACPID Listen Socket.
[[0;32m  OK  [0m] Listening on LXD - unix socket.
[[0;32m  OK  [0m] Listening on Socket activation for snappy daemon.
[[0;32m  OK  [0m] Started iSCSI initiator daemon (iscsid).
         Starting Login to default iSCSI targets...
[[0;32m  OK  [0m] Reached target Sockets.
[[0;32m  OK  [0m] Reached target Basic System.
[[0;32m  OK  [0m] Started ACPI event daemon.
         Starting /etc/rc.local Compatibility...
[[0;32m  OK  [0m] Started D-Bus System Message Bus.
         Starting System Logging Service...
         Starting Login Service...
[[0;32m  OK  [0m] Started FUSE filesystem for LXC.
         Starting Accounts Service...
[[0;32m  OK  [0m] Started Regular background program processing daemon.
         Starting LSB: MD monitoring daemon...
         Starting LSB: Record successful boot for GRUB...
[[0;32m  OK  [0m] Started Deferred execution scheduler.
         Starting Snap Daemon...
         Starting Virtualbox guest utils...
         Starting OpenBSD Secure Shell server...
         Starting LXD - container startup/shutdown...
[[0;32m  OK  [0m] Started System Logging Service.
[[0;32m  OK  [0m] Started /etc/rc.local Compatibility.
[[0;32m  OK  [0m] Started Login Service.
[[0;32m  OK  [0m] Started Unattended Upgrades Shutdown.
[[0;32m  OK  [0m] Started LSB: MD monitoring daemon.
[[0;32m  OK  [0m] Started Login to default iSCSI targets.
[[0;32m  OK  [0m] Started LSB: Record successful boot for GRUB.
         Starting Authenticate and Authorize Users to Run Privileged Tasks...
[[0;32m  OK  [0m] Reached target Remote File Systems (Pre).
         Mounting /vagrant...
[[0;32m  OK  [0m] Started OpenBSD Secure Shell server.
[[0;1;31mFAILED[0m] Failed to mount /vagrant.
See 'systemctl status vagrant.mount' for details.
[[0;1;33mDEPEND[0m] Dependency failed for Remote File Systems.
         Starting LSB: daemon to balance interrupts for SMP systems...
         Starting LSB: automatic crash report generation...
         Starting LSB: Set the CPU Frequency Scaling governor to "ondemand"...
         Starting Permit User Sessions...
[[0;32m  OK  [0m] Started Authenticate and Authorize Users to Run Privileged Tasks.
[[0;32m  OK  [0m] Started Accounts Service.
[[0;32m  OK  [0m] Started Permit User Sessions.
         Starting Terminate Plymouth Boot Screen...
         Starting Hold until boot process finishes up...
[[0;32m  OK  [0m] Started Terminate Plymouth Boot Screen.
[[0;32m  OK  [0m] Started Hold until boot process finishes up.
[[0;32m  OK  [0m] Started Serial Getty on ttyS0.
[[0;32m  OK  [0m] Started Getty on tty1.
[[0;32m  OK  [0m] Reached target Login Prompts.
         Starting Set console scheme...
[[0;32m  OK  [0m] Started LXD - container startup/shutdown.
[[0;32m  OK  [0m] Started Set console scheme.
[[0;32m  OK  [0m] Started LSB: Set the CPU Frequency Scaling governor to "ondemand".
[[0;32m  OK  [0m] Started Virtualbox guest utils.
[[0;32m  OK  [0m] Started LSB: daemon to balance interrupts for SMP systems.
[[0;32m  OK  [0m] Started LSB: automatic crash report generation.
[[0;32m  OK  [0m] Started Snap Daemon.
         Starting Wait until snapd is fully seeded...
[[0;32m  OK  [0m] Started Wait until snapd is fully seeded.
[[0;32m  OK  [0m] Reached target Multi-User System.
[[0;32m  OK  [0m] Reached target Graphical Interface.
         Starting Update UTMP about System Runlevel Changes...
         Starting Apply the settings specified in cloud-config...
[[0;32m  OK  [0m] Started Update UTMP about System Runlevel Changes.
[  444.424927] cloud-init[1343]: Cloud-init v. 21.1-19-gbad84ad4-0ubuntu1~16.04.2 running 'modules:config' at Sun, 23 May 2021 05:12:08 +0000. Up 444.10 seconds.
[[0;32m  OK  [0m] Started Apply the settings specified in cloud-config.
         Starting Execute cloud user/final scripts...
[  445.606761] cloud-init[1354]: Cloud-init v. 21.1-19-gbad84ad4-0ubuntu1~16.04.2 running 'modules:final' at Sun, 23 May 2021 05:12:10 +0000. Up 445.29 seconds.
[  445.630863] cloud-init[1354]: Cloud-init v. 21.1-19-gbad84ad4-0ubuntu1~16.04.2 finished at Sun, 23 May 2021 05:12:10 +0000. Datasource DataSourceNoCloud [seed=/dev/sdb][dsmode=net].  Up 445.58 seconds
[[0;32m  OK  [0m] Started Execute cloud user/final scripts.
[[0;32m  OK  [0m] Reached target Cloud-init target.

Ubuntu 16.04.7 LTS server2 ttyS0

server2 login: 